<?xml version="1.0" encoding="UTF-8"?>
<!-- Generated by org.testng.reporters.JUnitReportReporter -->
<testsuite skipped="0" hostname="atinmbp" name="io.pragra.learning.framwork.testcases.HomeTest" tests="1" failures="0" timestamp="12 Dec 2020 17:08:44 GMT" time="7.715" errors="0">
  <testcase name="requestDemoTest" time="7.715" classname="io.pragra.learning.framwork.testcases.HomeTest"/>
</testsuite> <!-- io.pragra.learning.framwork.testcases.HomeTest -->
